\BOOKMARK [1][-]{section.1}{\376\377\000I\000n\000t\000r\000o\000d\000u\000c\000t\000i\000o\000n}{}% 1
\BOOKMARK [1][-]{section.2}{\376\377\000C\000o\000n\000t\000e\000n\000u}{}% 2
\BOOKMARK [2][-]{subsection.2.1}{\376\377\000A\000r\000c\000h\000i\000t\000e\000c\000t\000u\000r\000e\000\040\000d\000e\000s\000\040\000T\000P}{section.2}% 3
\BOOKMARK [2][-]{subsection.2.2}{\376\377\000L\000e\000\040\000l\000a\000b\000\137\000w\000o\000r\000k\000s\000\137\000m\000a\000n\000a\000g\000e\000r}{section.2}% 4
\BOOKMARK [2][-]{subsection.2.3}{\376\377\000L\000e\000\040\000l\000a\000b\000\137\000w\000o\000r\000k\000s}{section.2}% 5
\BOOKMARK [3][-]{subsubsection.2.3.1}{\376\377\000L\000a\000\040\000m\000\351\000t\000h\000o\000d\000e\000\040\000i\000n\000i\000t\000\050\000\051}{subsection.2.3}% 6
\BOOKMARK [3][-]{subsubsection.2.3.2}{\376\377\000L\000a\000\040\000m\000\351\000t\000h\000o\000d\000e\000\040\000a\000n\000i\000m\000a\000t\000e\000\050\000f\000l\000o\000a\000t\000\051}{subsection.2.3}% 7
\BOOKMARK [3][-]{subsubsection.2.3.3}{\376\377\000L\000a\000\040\000m\000\351\000t\000h\000o\000d\000e\000\040\000r\000e\000n\000d\000e\000r\000\050\000\051}{subsection.2.3}% 8
\BOOKMARK [3][-]{subsubsection.2.3.4}{\376\377\000L\000a\000\040\000m\000\351\000t\000h\000o\000d\000e\000\040\000h\000a\000n\000d\000l\000e\000E\000v\000e\000n\000t\000s\000\050\000S\000D\000L\000\137\000E\000v\000e\000n\000t\000\051}{subsection.2.3}% 9
\BOOKMARK [3][-]{subsubsection.2.3.5}{\376\377\000L\000a\000\040\000m\000\351\000t\000h\000o\000d\000e\000\040\000d\000i\000s\000p\000l\000a\000y\000U\000I\000\050\000\051}{subsection.2.3}% 10
\BOOKMARK [2][-]{subsection.2.4}{\376\377\000P\000r\000\351\000s\000e\000n\000t\000a\000t\000i\000o\000n\000\040\000d\000e\000s\000\040\0006\000\040\000T\000P\000s}{section.2}% 11
\BOOKMARK [2][-]{subsection.2.5}{\376\377\000T\000P\0001\000\040\000:\000\040\000M\000a\000n\000i\000p\000u\000l\000a\000t\000i\000o\000n\000\040\000d\000e\000s\000\040\000s\000h\000a\000d\000e\000r\000s}{section.2}% 12
\BOOKMARK [3][-]{subsubsection.2.5.1}{\376\377\000M\000i\000s\000e\000\040\000e\000n\000\040\000p\000l\000a\000c\000e\000\040\000d\000u\000\040\000f\000r\000a\000g\000m\000e\000n\000t\000\040\000S\000h\000a\000d\000e\000r\000\040\000e\000t\000\040\000V\000e\000r\000t\000e\000x\000\040\000S\000h\000a\000d\000e\000r}{subsection.2.5}% 13
\BOOKMARK [3][-]{subsubsection.2.5.2}{\376\377\000L\000e\000\040\000V\000A\000O\000\040\000e\000t\000\040\000V\000B\000O}{subsection.2.5}% 14
\BOOKMARK [2][-]{subsection.2.6}{\376\377\000T\000P\0002\000\040\000:\000\040\000O\000n\000\040\000a\000f\000f\000i\000c\000h\000e\000\040\000u\000n\000\040\000q\000u\000a\000d}{section.2}% 15
\BOOKMARK [3][-]{subsubsection.2.6.1}{\376\377\000L\000'\000E\000B\000O}{subsection.2.6}% 16
\BOOKMARK [3][-]{subsubsection.2.6.2}{\376\377\000L\000e\000s\000\040\000v\000a\000r\000i\000b\000l\000e\000\040\000u\000n\000i\000f\000o\000r\000m\000e}{subsection.2.6}% 17
\BOOKMARK [2][-]{subsection.2.7}{\376\377\000T\000P\0003\000\040\000R\000o\000t\000a\000t\000i\000o\000n\000\040\000d\000u\000\040\000c\000u\000b\000e\000\040\000e\000t\000\040\000c\000a\000m\000\351\000r\000a}{section.2}% 18
\BOOKMARK [3][-]{subsubsection.2.7.1}{\376\377\000C\000r\000\351\000a\000t\000i\000o\000n\000\040\000d\000u\000\040\000C\000u\000b\000e}{subsection.2.7}% 19
\BOOKMARK [1][-]{section.3}{\376\377\000C\000o\000n\000c\000l\000u\000s\000i\000o\000n}{}% 20
